
============================================================================
  Multi-Signal Ovulation Detection and Menstrual Prediction (new_workspace data)
============================================================================
  Cycle: /Users/xujing/FYP/new_workspace/processed_dataset/cycle_cleaned_ov.csv
  Signals: /Users/xujing/FYP/new_workspace/processed_dataset/signals
  Loading cycle structure...
  Loading nightly temperature...
  Loading nocturnal wrist temperature...
  Loading resting heart rate...
  Loading HRV details...
  Loading nocturnal HR (chunked, 0-6AM)...
  Merging all signals...
  Cycles: 111 | Labeled: 79 | Quality: 42

============================================================================
  A. SINGLE-SIGNAL RULE-BASED (T-test, CUSUM, Bayesian, HMM, SavGol)
============================================================================
  [NT-tt-픢1.5] n=79 MAE=3.66 췀1d=25.3% 췀2d=40.5% 췀3d=57.0% 췀5d=77.2%
  [NT-tt-픢2.0] n=79 MAE=3.66 췀1d=25.3% 췀2d=44.3% 췀3d=57.0% 췀5d=75.9%
  [NT-tt-픢2.5] n=79 MAE=3.51 췀1d=27.8% 췀2d=48.1% 췀3d=60.8% 췀5d=81.0%
  [NT-cusum-픢1.5] n=79 MAE=6.35 췀1d=10.1% 췀2d=17.7% 췀3d=26.6% 췀5d=40.5%
  [NT-cusum-픢2.0] n=79 MAE=7.00 췀1d=8.9% 췀2d=13.9% 췀3d=22.8% 췀5d=34.2%
  [NT-cusum-픢2.5] n=79 MAE=6.95 췀1d=10.1% 췀2d=13.9% 췀3d=22.8% 췀5d=34.2%
  [NT-baybi-픢1.5] n=79 MAE=3.68 췀1d=22.8% 췀2d=44.3% 췀3d=59.5% 췀5d=79.7%
  [NT-baybi-픢2.0] n=79 MAE=3.39 췀1d=24.1% 췀2d=49.4% 췀3d=60.8% 췀5d=81.0%
  [NT-baybi-픢2.5] n=79 MAE=3.24 췀1d=26.6% 췀2d=53.2% 췀3d=64.6% 췀5d=83.5%
  [NT-hmm-픢1.5] n=79 MAE=9.39 췀1d=11.4% 췀2d=16.5% 췀3d=22.8% 췀5d=36.7%
  [NT-hmm-픢2.0] n=79 MAE=9.85 췀1d=7.6% 췀2d=16.5% 췀3d=22.8% 췀5d=35.4%
  [NT-hmm-픢2.5] n=79 MAE=9.96 췀1d=10.1% 췀2d=12.7% 췀3d=19.0% 췀5d=32.9%
  [NT-savgol-픢1.5] n=79 MAE=5.24 췀1d=20.3% 췀2d=31.6% 췀3d=44.3% 췀5d=57.0%
  [NT-savgol-픢2.0] n=79 MAE=5.24 췀1d=20.3% 췀2d=31.6% 췀3d=44.3% 췀5d=57.0%
  [NT-savgol-픢2.5] n=79 MAE=5.24 췀1d=20.3% 췀2d=31.6% 췀3d=44.3% 췀5d=57.0%
  [NocT-tt-픢1.5] n=79 MAE=3.87 췀1d=24.1% 췀2d=39.2% 췀3d=54.4% 췀5d=74.7%
  [NocT-tt-픢2.0] n=79 MAE=3.61 췀1d=24.1% 췀2d=41.8% 췀3d=58.2% 췀5d=77.2%
  [NocT-tt-픢2.5] n=79 MAE=3.68 췀1d=26.6% 췀2d=41.8% 췀3d=55.7% 췀5d=77.2%
  [NocT-cusum-픢1.5] n=79 MAE=6.67 췀1d=7.6% 췀2d=16.5% 췀3d=24.1% 췀5d=43.0%
  [NocT-cusum-픢2.0] n=79 MAE=6.99 췀1d=6.3% 췀2d=10.1% 췀3d=20.3% 췀5d=40.5%
  [NocT-cusum-픢2.5] n=79 MAE=7.01 췀1d=6.3% 췀2d=10.1% 췀3d=19.0% 췀5d=40.5%
  [NocT-baybi-픢1.5] n=79 MAE=3.71 췀1d=27.8% 췀2d=44.3% 췀3d=58.2% 췀5d=77.2%
  [NocT-baybi-픢2.0] n=79 MAE=3.54 췀1d=29.1% 췀2d=41.8% 췀3d=57.0% 췀5d=78.5%
  [NocT-baybi-픢2.5] n=79 MAE=3.63 췀1d=29.1% 췀2d=39.2% 췀3d=57.0% 췀5d=75.9%
  [NocT-hmm-픢1.5] n=79 MAE=9.65 췀1d=3.8% 췀2d=13.9% 췀3d=20.3% 췀5d=38.0%
  [NocT-hmm-픢2.0] n=79 MAE=9.52 췀1d=6.3% 췀2d=17.7% 췀3d=24.1% 췀5d=35.4%
  [NocT-hmm-픢2.5] n=79 MAE=9.35 췀1d=5.1% 췀2d=12.7% 췀3d=21.5% 췀5d=35.4%
  [NocT-savgol-픢1.5] n=79 MAE=5.24 췀1d=16.5% 췀2d=30.4% 췀3d=43.0% 췀5d=59.5%
  [NocT-savgol-픢2.0] n=79 MAE=5.24 췀1d=16.5% 췀2d=30.4% 췀3d=43.0% 췀5d=59.5%
  [NocT-savgol-픢2.5] n=79 MAE=5.24 췀1d=16.5% 췀2d=30.4% 췀3d=43.0% 췀5d=59.5%
  [NocHR-tt-픢1.5] n=79 MAE=4.13 췀1d=25.3% 췀2d=39.2% 췀3d=53.2% 췀5d=74.7%
  [NocHR-tt-픢2.0] n=79 MAE=4.18 췀1d=24.1% 췀2d=35.4% 췀3d=50.6% 췀5d=73.4%
  [NocHR-tt-픢2.5] n=79 MAE=4.24 췀1d=25.3% 췀2d=34.2% 췀3d=49.4% 췀5d=72.2%
  [NocHR-cusum-픢1.5] n=79 MAE=5.59 췀1d=19.0% 췀2d=26.6% 췀3d=38.0% 췀5d=57.0%
  [NocHR-cusum-픢2.0] n=79 MAE=5.43 췀1d=20.3% 췀2d=29.1% 췀3d=35.4% 췀5d=58.2%
  [NocHR-cusum-픢2.5] n=79 MAE=5.13 췀1d=21.5% 췀2d=29.1% 췀3d=36.7% 췀5d=59.5%
  [NocHR-baybi-픢1.5] n=79 MAE=5.96 췀1d=15.2% 췀2d=27.8% 췀3d=35.4% 췀5d=54.4%
  [NocHR-baybi-픢2.0] n=79 MAE=5.86 췀1d=17.7% 췀2d=31.6% 췀3d=36.7% 췀5d=53.2%
  [NocHR-baybi-픢2.5] n=79 MAE=5.67 췀1d=17.7% 췀2d=32.9% 췀3d=39.2% 췀5d=54.4%
  [NocHR-hmm-픢1.5] n=79 MAE=8.86 췀1d=15.2% 췀2d=19.0% 췀3d=29.1% 췀5d=34.2%
  [NocHR-hmm-픢2.0] n=79 MAE=8.19 췀1d=13.9% 췀2d=22.8% 췀3d=29.1% 췀5d=38.0%
  [NocHR-hmm-픢2.5] n=79 MAE=8.15 췀1d=15.2% 췀2d=22.8% 췀3d=29.1% 췀5d=39.2%
  [NocHR-savgol-픢1.5] n=79 MAE=5.82 췀1d=15.2% 췀2d=25.3% 췀3d=34.2% 췀5d=50.6%
  [NocHR-savgol-픢2.0] n=79 MAE=5.82 췀1d=15.2% 췀2d=25.3% 췀3d=34.2% 췀5d=50.6%
  [NocHR-savgol-픢2.5] n=79 MAE=5.82 췀1d=15.2% 췀2d=25.3% 췀3d=34.2% 췀5d=50.6%
  [RHR-tt-픢1.5] n=79 MAE=4.20 췀1d=26.6% 췀2d=36.7% 췀3d=48.1% 췀5d=74.7%
  [RHR-tt-픢2.0] n=79 MAE=4.18 췀1d=26.6% 췀2d=35.4% 췀3d=49.4% 췀5d=74.7%
  [RHR-tt-픢2.5] n=79 MAE=4.05 췀1d=27.8% 췀2d=39.2% 췀3d=53.2% 췀5d=75.9%
  [RHR-cusum-픢1.5] n=79 MAE=5.44 췀1d=19.0% 췀2d=27.8% 췀3d=35.4% 췀5d=59.5%
  [RHR-cusum-픢2.0] n=79 MAE=5.22 췀1d=19.0% 췀2d=27.8% 췀3d=35.4% 췀5d=62.0%
  [RHR-cusum-픢2.5] n=79 MAE=5.14 췀1d=19.0% 췀2d=27.8% 췀3d=38.0% 췀5d=62.0%
  [RHR-baybi-픢1.5] n=79 MAE=4.43 췀1d=32.9% 췀2d=38.0% 췀3d=50.6% 췀5d=64.6%
  [RHR-baybi-픢2.0] n=79 MAE=4.42 췀1d=31.6% 췀2d=39.2% 췀3d=50.6% 췀5d=64.6%
  [RHR-baybi-픢2.5] n=79 MAE=4.30 췀1d=31.6% 췀2d=43.0% 췀3d=53.2% 췀5d=65.8%
  [RHR-hmm-픢1.5] n=79 MAE=10.44 췀1d=12.7% 췀2d=17.7% 췀3d=21.5% 췀5d=31.6%
  [RHR-hmm-픢2.0] n=79 MAE=10.47 췀1d=11.4% 췀2d=15.2% 췀3d=19.0% 췀5d=26.6%
  [RHR-hmm-픢2.5] n=79 MAE=9.90 췀1d=10.1% 췀2d=17.7% 췀3d=21.5% 췀5d=31.6%
  [RHR-savgol-픢1.5] n=79 MAE=5.44 췀1d=15.2% 췀2d=27.8% 췀3d=38.0% 췀5d=55.7%
  [RHR-savgol-픢2.0] n=79 MAE=5.44 췀1d=15.2% 췀2d=27.8% 췀3d=38.0% 췀5d=55.7%
  [RHR-savgol-픢2.5] n=79 MAE=5.44 췀1d=15.2% 췀2d=27.8% 췀3d=38.0% 췀5d=55.7%
  [RMSSD-tt-픢1.5] n=79 MAE=4.22 췀1d=17.7% 췀2d=35.4% 췀3d=48.1% 췀5d=77.2%
  [RMSSD-tt-픢2.0] n=79 MAE=4.05 췀1d=20.3% 췀2d=36.7% 췀3d=49.4% 췀5d=79.7%
  [RMSSD-tt-픢2.5] n=79 MAE=3.90 췀1d=19.0% 췀2d=39.2% 췀3d=50.6% 췀5d=81.0%
  [RMSSD-cusum-픢1.5] n=79 MAE=4.68 췀1d=15.2% 췀2d=25.3% 췀3d=35.4% 췀5d=67.1%
  [RMSSD-cusum-픢2.0] n=79 MAE=5.23 췀1d=11.4% 췀2d=22.8% 췀3d=31.6% 췀5d=60.8%
  [RMSSD-cusum-픢2.5] n=79 MAE=5.11 췀1d=13.9% 췀2d=22.8% 췀3d=31.6% 췀5d=65.8%
  [RMSSD-baybi-픢1.5] n=79 MAE=4.99 췀1d=15.2% 췀2d=27.8% 췀3d=39.2% 췀5d=60.8%
  [RMSSD-baybi-픢2.0] n=79 MAE=5.06 췀1d=15.2% 췀2d=26.6% 췀3d=40.5% 췀5d=59.5%
  [RMSSD-baybi-픢2.5] n=79 MAE=4.99 췀1d=15.2% 췀2d=25.3% 췀3d=43.0% 췀5d=60.8%
  [RMSSD-hmm-픢1.5] n=79 MAE=6.95 췀1d=15.2% 췀2d=30.4% 췀3d=36.7% 췀5d=55.7%
  [RMSSD-hmm-픢2.0] n=79 MAE=7.00 췀1d=13.9% 췀2d=31.6% 췀3d=35.4% 췀5d=57.0%
  [RMSSD-hmm-픢2.5] n=79 MAE=6.90 췀1d=16.5% 췀2d=26.6% 췀3d=32.9% 췀5d=51.9%
  [RMSSD-savgol-픢1.5] n=79 MAE=5.44 췀1d=8.9% 췀2d=22.8% 췀3d=35.4% 췀5d=59.5%
  [RMSSD-savgol-픢2.0] n=79 MAE=5.44 췀1d=8.9% 췀2d=22.8% 췀3d=35.4% 췀5d=59.5%
  [RMSSD-savgol-픢2.5] n=79 MAE=5.44 췀1d=8.9% 췀2d=22.8% 췀3d=35.4% 췀5d=59.5%
  [HF-tt-픢1.5] n=79 MAE=4.53 췀1d=19.0% 췀2d=35.4% 췀3d=46.8% 췀5d=74.7%
  [HF-tt-픢2.0] n=79 MAE=4.56 췀1d=20.3% 췀2d=34.2% 췀3d=46.8% 췀5d=73.4%
  [HF-tt-픢2.5] n=79 MAE=4.24 췀1d=22.8% 췀2d=34.2% 췀3d=51.9% 췀5d=72.2%
  [HF-cusum-픢1.5] n=79 MAE=4.54 췀1d=17.7% 췀2d=31.6% 췀3d=38.0% 췀5d=67.1%
  [HF-cusum-픢2.0] n=79 MAE=4.71 췀1d=13.9% 췀2d=29.1% 췀3d=34.2% 췀5d=64.6%
  [HF-cusum-픢2.5] n=79 MAE=4.84 췀1d=12.7% 췀2d=25.3% 췀3d=30.4% 췀5d=63.3%
  [HF-baybi-픢1.5] n=79 MAE=5.33 췀1d=16.5% 췀2d=29.1% 췀3d=34.2% 췀5d=58.2%
  [HF-baybi-픢2.0] n=79 MAE=5.32 췀1d=17.7% 췀2d=29.1% 췀3d=35.4% 췀5d=58.2%
  [HF-baybi-픢2.5] n=79 MAE=5.28 췀1d=17.7% 췀2d=26.6% 췀3d=38.0% 췀5d=59.5%
  [HF-hmm-픢1.5] n=79 MAE=8.65 췀1d=12.7% 췀2d=21.5% 췀3d=29.1% 췀5d=48.1%
  [HF-hmm-픢2.0] n=79 MAE=8.41 췀1d=13.9% 췀2d=26.6% 췀3d=30.4% 췀5d=51.9%
  [HF-hmm-픢2.5] n=79 MAE=8.57 췀1d=8.9% 췀2d=19.0% 췀3d=26.6% 췀5d=46.8%
  [HF-savgol-픢1.5] n=79 MAE=5.75 췀1d=8.9% 췀2d=22.8% 췀3d=32.9% 췀5d=55.7%
  [HF-savgol-픢2.0] n=79 MAE=5.75 췀1d=8.9% 췀2d=22.8% 췀3d=32.9% 췀5d=55.7%
  [HF-savgol-픢2.5] n=79 MAE=5.75 췀1d=8.9% 췀2d=22.8% 췀3d=32.9% 췀5d=55.7%
  [LFHF-tt-픢1.5] n=79 MAE=4.37 췀1d=17.7% 췀2d=27.8% 췀3d=41.8% 췀5d=77.2%
  [LFHF-tt-픢2.0] n=79 MAE=4.44 췀1d=19.0% 췀2d=27.8% 췀3d=39.2% 췀5d=75.9%
  [LFHF-tt-픢2.5] n=79 MAE=4.52 췀1d=19.0% 췀2d=27.8% 췀3d=44.3% 췀5d=70.9%
  [LFHF-cusum-픢1.5] n=79 MAE=4.63 췀1d=17.7% 췀2d=30.4% 췀3d=44.3% 췀5d=74.7%
  [LFHF-cusum-픢2.0] n=79 MAE=4.87 췀1d=15.2% 췀2d=29.1% 췀3d=39.2% 췀5d=67.1%
  [LFHF-cusum-픢2.5] n=79 MAE=4.96 췀1d=15.2% 췀2d=27.8% 췀3d=34.2% 췀5d=65.8%
  [LFHF-baybi-픢1.5] n=79 MAE=4.29 췀1d=16.5% 췀2d=27.8% 췀3d=46.8% 췀5d=78.5%
  [LFHF-baybi-픢2.0] n=79 MAE=4.09 췀1d=16.5% 췀2d=32.9% 췀3d=50.6% 췀5d=78.5%
  [LFHF-baybi-픢2.5] n=79 MAE=4.01 췀1d=16.5% 췀2d=36.7% 췀3d=55.7% 췀5d=78.5%
  [LFHF-hmm-픢1.5] n=79 MAE=7.57 췀1d=12.7% 췀2d=21.5% 췀3d=31.6% 췀5d=51.9%
  [LFHF-hmm-픢2.0] n=79 MAE=8.09 췀1d=10.1% 췀2d=15.2% 췀3d=27.8% 췀5d=45.6%
  [LFHF-hmm-픢2.5] n=79 MAE=7.99 췀1d=10.1% 췀2d=19.0% 췀3d=26.6% 췀5d=50.6%
  [LFHF-savgol-픢1.5] n=79 MAE=5.56 췀1d=10.1% 췀2d=16.5% 췀3d=27.8% 췀5d=58.2%
  [LFHF-savgol-픢2.0] n=79 MAE=5.56 췀1d=10.1% 췀2d=16.5% 췀3d=27.8% 췀5d=58.2%
  [LFHF-savgol-픢2.5] n=79 MAE=5.56 췀1d=10.1% 췀2d=16.5% 췀3d=27.8% 췀5d=58.2%

============================================================================
  B. MULTI-SIGNAL RULE-BASED (Fused T-test, HMM, CUSUM)
============================================================================
  [TempAll-ftt-픢1.5] n=79 MAE=3.43 췀1d=25.3% 췀2d=40.5% 췀3d=59.5% 췀5d=81.0%
  [TempAll-mhmm-픢1.5] n=79 MAE=7.63 췀1d=7.6% 췀2d=17.7% 췀3d=27.8% 췀5d=46.8%
  [TempAll-mcusum-픢1.5] n=79 MAE=4.71 췀1d=17.7% 췀2d=30.4% 췀3d=39.2% 췀5d=67.1%
  [TempAll-ftt-픢2.0] n=79 MAE=3.43 췀1d=26.6% 췀2d=40.5% 췀3d=59.5% 췀5d=81.0%
  [TempAll-mhmm-픢2.0] n=79 MAE=6.99 췀1d=11.4% 췀2d=22.8% 췀3d=34.2% 췀5d=50.6%
  [TempAll-mcusum-픢2.0] n=79 MAE=4.99 췀1d=12.7% 췀2d=26.6% 췀3d=35.4% 췀5d=64.6%
  [TempAll-ftt-픢2.5] n=79 MAE=3.42 췀1d=24.1% 췀2d=44.3% 췀3d=59.5% 췀5d=82.3%
  [TempAll-mhmm-픢2.5] n=79 MAE=6.68 췀1d=15.2% 췀2d=27.8% 췀3d=34.2% 췀5d=49.4%
  [TempAll-mcusum-픢2.5] n=79 MAE=5.15 췀1d=13.9% 췀2d=27.8% 췀3d=34.2% 췀5d=60.8%
  [Temp+HR-ftt-픢1.5] n=79 MAE=3.67 췀1d=25.3% 췀2d=39.2% 췀3d=55.7% 췀5d=81.0%
  [Temp+HR-mhmm-픢1.5] n=79 MAE=6.44 췀1d=15.2% 췀2d=29.1% 췀3d=41.8% 췀5d=55.7%
  [Temp+HR-mcusum-픢1.5] n=79 MAE=4.54 췀1d=20.3% 췀2d=30.4% 췀3d=48.1% 췀5d=69.6%
  [Temp+HR-ftt-픢2.0] n=79 MAE=3.71 췀1d=25.3% 췀2d=39.2% 췀3d=55.7% 췀5d=79.7%
  [Temp+HR-mhmm-픢2.0] n=79 MAE=5.81 췀1d=17.7% 췀2d=35.4% 췀3d=45.6% 췀5d=60.8%
  [Temp+HR-mcusum-픢2.0] n=79 MAE=4.54 췀1d=19.0% 췀2d=31.6% 췀3d=46.8% 췀5d=69.6%
  [Temp+HR-ftt-픢2.5] n=79 MAE=3.71 췀1d=22.8% 췀2d=39.2% 췀3d=55.7% 췀5d=79.7%
  [Temp+HR-mhmm-픢2.5] n=79 MAE=5.16 췀1d=20.3% 췀2d=36.7% 췀3d=49.4% 췀5d=63.3%
  [Temp+HR-mcusum-픢2.5] n=79 MAE=4.70 췀1d=17.7% 췀2d=27.8% 췀3d=41.8% 췀5d=69.6%
  [Temp+RMSSD-ftt-픢1.5] n=79 MAE=3.82 췀1d=21.5% 췀2d=29.1% 췀3d=48.1% 췀5d=79.7%
  [Temp+RMSSD-mhmm-픢1.5] n=79 MAE=4.78 췀1d=24.1% 췀2d=43.0% 췀3d=49.4% 췀5d=72.2%
  [Temp+RMSSD-mcusum-픢1.5] n=79 MAE=5.05 췀1d=17.7% 췀2d=29.1% 췀3d=46.8% 췀5d=67.1%
  [Temp+RMSSD-ftt-픢2.0] n=79 MAE=3.82 췀1d=20.3% 췀2d=31.6% 췀3d=49.4% 췀5d=77.2%
  [Temp+RMSSD-mhmm-픢2.0] n=79 MAE=4.59 췀1d=22.8% 췀2d=41.8% 췀3d=51.9% 췀5d=70.9%
  [Temp+RMSSD-mcusum-픢2.0] n=79 MAE=5.05 췀1d=17.7% 췀2d=27.8% 췀3d=41.8% 췀5d=64.6%
  [Temp+RMSSD-ftt-픢2.5] n=79 MAE=3.97 췀1d=19.0% 췀2d=32.9% 췀3d=46.8% 췀5d=74.7%
  [Temp+RMSSD-mhmm-픢2.5] n=79 MAE=4.78 췀1d=20.3% 췀2d=39.2% 췀3d=48.1% 췀5d=68.4%
  [Temp+RMSSD-mcusum-픢2.5] n=79 MAE=5.06 췀1d=15.2% 췀2d=29.1% 췀3d=41.8% 췀5d=68.4%
  [Temp+HR+RMSSD-ftt-픢1.5] n=79 MAE=3.72 췀1d=21.5% 췀2d=34.2% 췀3d=51.9% 췀5d=81.0%
  [Temp+HR+RMSSD-mhmm-픢1.5] n=79 MAE=4.57 췀1d=25.3% 췀2d=44.3% 췀3d=54.4% 췀5d=69.6%
  [Temp+HR+RMSSD-mcusum-픢1.5] n=79 MAE=4.23 췀1d=21.5% 췀2d=35.4% 췀3d=48.1% 췀5d=70.9%
  [Temp+HR+RMSSD-ftt-픢2.0] n=79 MAE=3.61 췀1d=22.8% 췀2d=36.7% 췀3d=55.7% 췀5d=82.3%
  [Temp+HR+RMSSD-mhmm-픢2.0] n=79 MAE=4.63 췀1d=24.1% 췀2d=39.2% 췀3d=54.4% 췀5d=72.2%
  [Temp+HR+RMSSD-mcusum-픢2.0] n=79 MAE=4.08 췀1d=22.8% 췀2d=36.7% 췀3d=46.8% 췀5d=74.7%
  [Temp+HR+RMSSD-ftt-픢2.5] n=79 MAE=3.70 췀1d=22.8% 췀2d=36.7% 췀3d=51.9% 췀5d=81.0%
  [Temp+HR+RMSSD-mhmm-픢2.5] n=79 MAE=4.63 췀1d=24.1% 췀2d=39.2% 췀3d=49.4% 췀5d=69.6%
  [Temp+HR+RMSSD-mcusum-픢2.5] n=79 MAE=4.22 췀1d=19.0% 췀2d=34.2% 췀3d=44.3% 췀5d=73.4%
  [Temp+HR+HRV-ftt-픢1.5] n=79 MAE=3.91 췀1d=22.8% 췀2d=34.2% 췀3d=50.6% 췀5d=81.0%
  [Temp+HR+HRV-mhmm-픢1.5] n=79 MAE=4.94 췀1d=16.5% 췀2d=36.7% 췀3d=51.9% 췀5d=69.6%
  [Temp+HR+HRV-mcusum-픢1.5] n=79 MAE=3.82 췀1d=25.3% 췀2d=43.0% 췀3d=51.9% 췀5d=77.2%
  [Temp+HR+HRV-ftt-픢2.0] n=79 MAE=3.86 췀1d=22.8% 췀2d=36.7% 췀3d=48.1% 췀5d=81.0%
  [Temp+HR+HRV-mhmm-픢2.0] n=79 MAE=5.01 췀1d=20.3% 췀2d=35.4% 췀3d=54.4% 췀5d=67.1%
  [Temp+HR+HRV-mcusum-픢2.0] n=79 MAE=3.82 췀1d=22.8% 췀2d=38.0% 췀3d=50.6% 췀5d=75.9%
  [Temp+HR+HRV-ftt-픢2.5] n=79 MAE=3.86 췀1d=24.1% 췀2d=36.7% 췀3d=46.8% 췀5d=79.7%
  [Temp+HR+HRV-mhmm-픢2.5] n=79 MAE=4.63 췀1d=19.0% 췀2d=38.0% 췀3d=50.6% 췀5d=67.1%
  [Temp+HR+HRV-mcusum-픢2.5] n=79 MAE=4.24 췀1d=17.7% 췀2d=32.9% 췀3d=45.6% 췀5d=72.2%
  [ALL5-ftt-픢1.5] n=79 MAE=3.94 췀1d=26.6% 췀2d=36.7% 췀3d=48.1% 췀5d=79.7%
  [ALL5-mhmm-픢1.5] n=79 MAE=5.23 췀1d=17.7% 췀2d=36.7% 췀3d=46.8% 췀5d=68.4%
  [ALL5-mcusum-픢1.5] n=79 MAE=3.72 췀1d=25.3% 췀2d=41.8% 췀3d=50.6% 췀5d=79.7%
  [ALL5-ftt-픢2.0] n=79 MAE=3.84 췀1d=27.8% 췀2d=36.7% 췀3d=50.6% 췀5d=77.2%
  [ALL5-mhmm-픢2.0] n=79 MAE=4.56 췀1d=22.8% 췀2d=35.4% 췀3d=50.6% 췀5d=68.4%
  [ALL5-mcusum-픢2.0] n=79 MAE=4.10 췀1d=19.0% 췀2d=34.2% 췀3d=44.3% 췀5d=73.4%
  [ALL5-ftt-픢2.5] n=79 MAE=3.82 췀1d=25.3% 췀2d=38.0% 췀3d=50.6% 췀5d=77.2%
  [ALL5-mhmm-픢2.5] n=79 MAE=4.15 췀1d=25.3% 췀2d=39.2% 췀3d=55.7% 췀5d=70.9%
  [ALL5-mcusum-픢2.5] n=79 MAE=4.22 췀1d=19.0% 췀2d=31.6% 췀3d=44.3% 췀5d=72.2%
  [HR+HRV-ftt-픢1.5] n=79 MAE=4.37 췀1d=19.0% 췀2d=36.7% 췀3d=48.1% 췀5d=74.7%
  [HR+HRV-mhmm-픢1.5] n=79 MAE=5.33 췀1d=12.7% 췀2d=29.1% 췀3d=39.2% 췀5d=65.8%
  [HR+HRV-mcusum-픢1.5] n=79 MAE=3.90 췀1d=24.1% 췀2d=41.8% 췀3d=53.2% 췀5d=77.2%
  [HR+HRV-ftt-픢2.0] n=79 MAE=4.30 췀1d=20.3% 췀2d=36.7% 췀3d=48.1% 췀5d=72.2%
  [HR+HRV-mhmm-픢2.0] n=79 MAE=4.97 췀1d=19.0% 췀2d=29.1% 췀3d=39.2% 췀5d=67.1%
  [HR+HRV-mcusum-픢2.0] n=79 MAE=4.01 췀1d=21.5% 췀2d=40.5% 췀3d=51.9% 췀5d=73.4%
  [HR+HRV-ftt-픢2.5] n=79 MAE=4.25 췀1d=22.8% 췀2d=34.2% 췀3d=48.1% 췀5d=72.2%
  [HR+HRV-mhmm-픢2.5] n=79 MAE=4.52 췀1d=22.8% 췀2d=34.2% 췀3d=48.1% 췀5d=68.4%
  [HR+HRV-mcusum-픢2.5] n=79 MAE=3.81 췀1d=21.5% 췀2d=39.2% 췀3d=53.2% 췀5d=75.9%

============================================================================
  C. ML MULTI-SIGNAL (LOSO)
============================================================================
  [ML-ridge] n=79 MAE=4.19 췀1d=16.5% 췀2d=31.6% 췀3d=48.1% 췀5d=73.4%
  [ML-elastic] n=79 MAE=3.37 췀1d=22.8% 췀2d=40.5% 췀3d=57.0% 췀5d=79.7%
  [ML-svr] n=79 MAE=2.85 췀1d=31.6% 췀2d=54.4% 췀3d=69.6% 췀5d=88.6%
  [ML-rf] n=79 MAE=2.84 췀1d=27.8% 췀2d=53.2% 췀3d=68.4% 췀5d=89.9%
OMP: Error #179: Function Can't open SHM2 failed:
OMP: System error #1: Operation not permitted
